$ rm -rf .next && next build
   ▲ Next.js 15.5.4
   - Experiments (use with caution):
     ⨯ isrFlushToDisk

   Creating an optimized production build ...
 ✓ Compiled successfully in 2.7s
   Linting and checking validity of types ...
   Collecting page data ...
   Generating static pages (0/4) ...
   Generating static pages (1/4) 
   Generating static pages (2/4) 
   Generating static pages (3/4) 
 ✓ Generating static pages (4/4)
   Finalizing page optimization ...
   Collecting build traces ...

Route (app)                                 Size  First Load JS
┌ ○ /                                    8.25 kB         110 kB
└ ○ /_not-found                            120 B         102 kB
+ First Load JS shared by all             102 kB
  ├ chunks/255-4efeec91c7871d79.js       45.8 kB
  ├ chunks/4bd1b696-c023c6e3521b1417.js  54.2 kB
  └ other shared chunks (total)          1.92 kB


ƒ Middleware                             34.7 kB

○  (Static)  prerendered as static content

